<?xml version="1.0" encoding="UTF-8"?>
<!-- Generated by org.testng.reporters.JUnitReportReporter -->
<testsuite hostname="PC145284" name="testCases.Framework_001" tests="1" failures="0" timestamp="7 Jul 2014 06:00:21 GMT" time="0.945" errors="0">
  <testcase name="main" time="0.945" classname="testCases.Framework_001"/>
</testsuite> <!-- testCases.Framework_001 -->
